<html>
<body>
<pre>
<h1>µVision Build Log</h1>
<h2>Tool Versions:</h2>
IDE-Version: £gVision V5.37.0.0
Copyright (C) 2022 ARM Ltd and ARM Germany GmbH. All rights reserved.
License Information: willy yang, quanta, LIC=----
 
Tool Versions:
Toolchain:       MDK-Lite  Version: 5.37.0.0
Toolchain Path:  C:\Keil_v5\ARM\ARMCLANG\Bin
C Compiler:      ArmClang.exe V6.18
Assembler:       Armasm.exe V6.18
Linker/Locator:  ArmLink.exe V6.18
Library Manager: ArmAr.exe V6.18
Hex Converter:   FromElf.exe V6.18
CPU DLL:         SARMCM3.DLL V5.37.0.0
Dialog DLL:      DCM.DLL V1.17.5.0
Target DLL:      UL2CM3.DLL V1.164.7.0
Dialog DLL:      TCM.DLL V1.56.1.0
 
<h2>Project:</h2>
C:\Users\11106400\Desktop\embedded\Stm32F303VCT6\led.uvprojx
Project File Date:  12/02/2022

<h2>Output:</h2>
*** Using Compiler 'V6.18', folder: 'C:\Keil_v5\ARM\ARMCLANG\Bin'
Build target 'Target 1'
Stm32F303_FW/STM32F30x_StdPeriph_Driver/src/stm32f30x_dbgmcu.c(25): warning: In file included from...
./Stm32F303_FW/STM32F30x_StdPeriph_Driver/inc\stm32f30x_dbgmcu.h(30): warning: In file included from...
./Stm32F303_FW/CMSIS/Device/ST/STM32F30x/Include\stm32f30x.h(440): warning: In file included from...
./Stm32F303_FW/CMSIS/Include\core_cm4.h(188): warning: In file included from...
./Stm32F303_FW/CMSIS/Include\core_cmInstr.h(388): error: unknown type name 'inline'
__attribute__( ( always_inline ) ) __STATIC_INLINE void __NOP(void)
                                   ^
./Stm32F303_FW/CMSIS/Include\core_cm4.h(87): note: expanded from macro '__STATIC_INLINE'
  #define __STATIC_INLINE  static inline
                                  ^
Stm32F303_FW/STM32F30x_StdPeriph_Driver/src/stm32f30x_dbgmcu.c(25): warning: In file included from...
./Stm32F303_FW/STM32F30x_StdPeriph_Driver/inc\stm32f30x_dbgmcu.h(30): warning: In file included from...
./Stm32F303_FW/CMSIS/Device/ST/STM32F30x/Include\stm32f30x.h(440): warning: In file included from...
./Stm32F303_FW/CMSIS/Include\core_cm4.h(188): warning: In file included from...
./Stm32F303_FW/CMSIS/Include\core_cmInstr.h(399): error: unknown type name 'inline'
__attribute__( ( always_inline ) ) __STATIC_INLINE void __WFI(void)
                                   ^
./Stm32F303_FW/CMSIS/Include\core_cm4.h(87): note: expanded from macro '__STATIC_INLINE'
  #define __STATIC_INLINE  static inline
                                  ^
Stm32F303_FW/STM32F30x_StdPeriph_Driver/src/stm32f30x_dbgmcu.c(25): warning: In file included from...
./Stm32F303_FW/STM32F30x_StdPeriph_Driver/inc\stm32f30x_dbgmcu.h(30): warning: In file included from...
./Stm32F303_FW/CMSIS/Device/ST/STM32F30x/Include\stm32f30x.h(440): warning: In file included from...
./Stm32F303_FW/CMSIS/Include\core_cm4.h(188): warning: In file included from...
./Stm32F303_FW/CMSIS/Include\core_cmInstr.h(410): error: unknown type name 'inline'
__attribute__( ( always_inline ) ) __STATIC_INLINE void __WFE(void)
                                   ^
./Stm32F303_FW/CMSIS/Include\core_cm4.h(87): note: expanded from macro '__STATIC_INLINE'
  #define __STATIC_INLINE  static inline
                                  ^
Stm32F303_FW/STM32F30x_StdPeriph_Driver/src/stm32f30x_dbgmcu.c(25): warning: In file included from...
./Stm32F303_FW/STM32F30x_StdPeriph_Driver/inc\stm32f30x_dbgmcu.h(30): warning: In file included from...
./Stm32F303_FW/CMSIS/Device/ST/STM32F30x/Include\stm32f30x.h(440): warning: In file included from...
./Stm32F303_FW/CMSIS/Include\core_cm4.h(188): warning: In file included from...
./Stm32F303_FW/CMSIS/Include\core_cmInstr.h(420): error: unknown type name 'inline'
__attribute__( ( always_inline ) ) __STATIC_INLINE void __SEV(void)
                                   ^
./Stm32F303_FW/CMSIS/Include\core_cm4.h(87): note: expanded from macro '__STATIC_INLINE'
  #define __STATIC_INLINE  static inline
                                  ^
Stm32F303_FW/STM32F30x_StdPeriph_Driver/src/stm32f30x_dbgmcu.c(25): warning: In file included from...
./Stm32F303_FW/STM32F30x_StdPeriph_Driver/inc\stm32f30x_dbgmcu.h(30): warning: In file included from...
./Stm32F303_FW/CMSIS/Device/ST/STM32F30x/Include\stm32f30x.h(440): warning: In file included from...
./Stm32F303_FW/CMSIS/Include\core_cm4.h(188): warning: In file included from...
./Stm32F303_FW/CMSIS/Include\core_cmInstr.h(432): error: unknown type name 'inline'
__attribute__( ( always_inline ) ) __STATIC_INLINE void __ISB(void)
                                   ^
./Stm32F303_FW/CMSIS/Include\core_cm4.h(87): note: expanded from macro '__STATIC_INLINE'
  #define __STATIC_INLINE  static inline
                                  ^
Stm32F303_FW/STM32F30x_StdPeriph_Driver/src/stm32f30x_dbgmcu.c(25): warning: In file included from...
./Stm32F303_FW/STM32F30x_StdPeriph_Driver/inc\stm32f30x_dbgmcu.h(30): warning: In file included from...
./Stm32F303_FW/CMSIS/Device/ST/STM32F30x/Include\stm32f30x.h(440): warning: In file included from...
./Stm32F303_FW/CMSIS/Include\core_cm4.h(188): warning: In file included from...
./Stm32F303_FW/CMSIS/Include\core_cmInstr.h(443): error: unknown type name 'inline'
__attribute__( ( always_inline ) ) __STATIC_INLINE void __DSB(void)
                                   ^
./Stm32F303_FW/CMSIS/Include\core_cm4.h(87): note: expanded from macro '__STATIC_INLINE'
  #define __STATIC_INLINE  static inline
                                  ^
Stm32F303_FW/STM32F30x_StdPeriph_Driver/src/stm32f30x_dbgmcu.c(25): warning: In file included from...
./Stm32F303_FW/STM32F30x_StdPeriph_Driver/inc\stm32f30x_dbgmcu.h(30): warning: In file included from...
./Stm32F303_FW/CMSIS/Device/ST/STM32F30x/Include\stm32f30x.h(440): warning: In file included from...
./Stm32F303_FW/CMSIS/Include\core_cm4.h(188): warning: In file included from...
./Stm32F303_FW/CMSIS/Include\core_cmInstr.h(454): error: unknown type name 'inline'
__attribute__( ( always_inline ) ) __STATIC_INLINE void __DMB(void)
                                   ^
./Stm32F303_FW/CMSIS/Include\core_cm4.h(87): note: expanded from macro '__STATIC_INLINE'
  #define __STATIC_INLINE  static inline
                                  ^
Stm32F303_FW/STM32F30x_StdPeriph_Driver/src/stm32f30x_dbgmcu.c(25): warning: In file included from...
./Stm32F303_FW/STM32F30x_StdPeriph_Driver/inc\stm32f30x_dbgmcu.h(30): warning: In file included from...
./Stm32F303_FW/CMSIS/Device/ST/STM32F30x/Include\stm32f30x.h(440): warning: In file included from...
./Stm32F303_FW/CMSIS/Include\core_cm4.h(188): warning: In file included from...
./Stm32F303_FW/CMSIS/Include\core_cmInstr.h(467): error: unknown type name 'inline'
__attribute__( ( always_inline ) ) __STATIC_INLINE uint32_t __REV(uint32_t value)
                                   ^
./Stm32F303_FW/CMSIS/Include\core_cm4.h(87): note: expanded from macro '__STATIC_INLINE'
  #define __STATIC_INLINE  static inline
                                  ^
Stm32F303_FW/STM32F30x_StdPeriph_Driver/src/stm32f30x_dbgmcu.c(25): warning: In file included from...
./Stm32F303_FW/STM32F30x_StdPeriph_Driver/inc\stm32f30x_dbgmcu.h(30): warning: In file included from...
./Stm32F303_FW/CMSIS/Device/ST/STM32F30x/Include\stm32f30x.h(440): warning: In file included from...
./Stm32F303_FW/CMSIS/Include\core_cm4.h(188): warning: In file included from...
./Stm32F303_FW/CMSIS/Include\core_cmInstr.h(467): warning: 'always_inline' attribute only applies to functions [-Wignored-attributes]
__attribute__( ( always_inline ) ) __STATIC_INLINE uint32_t __REV(uint32_t value)
                 ^
./Stm32F303_FW/CMSIS/Include\core_cmInstr.h(467): error: expected ';' after top level declarator
__attribute__( ( always_inline ) ) __STATIC_INLINE uint32_t __REV(uint32_t value)
                                                           ^
                                                           ;
Stm32F303_FW/STM32F30x_StdPeriph_Driver/src/stm32f30x_dbgmcu.c(25): warning: In file included from...
./Stm32F303_FW/STM32F30x_StdPeriph_Driver/inc\stm32f30x_dbgmcu.h(30): warning: In file included from...
./Stm32F303_FW/CMSIS/Device/ST/STM32F30x/Include\stm32f30x.h(440): warning: In file included from...
./Stm32F303_FW/CMSIS/Include\core_cm4.h(1462): error: unknown type name 'inline'
__STATIC_INLINE void NVIC_SetPriorityGrouping(uint32_t PriorityGroup)
^
./Stm32F303_FW/CMSIS/Include\core_cm4.h(87): note: expanded from macro '__STATIC_INLINE'
  #define __STATIC_INLINE  static inline
                                  ^
./Stm32F303_FW/CMSIS/Include\core_cm4.h(1482): error: unknown type name 'inline'
__STATIC_INLINE uint32_t NVIC_GetPriorityGrouping(void)
^
./Stm32F303_FW/CMSIS/Include\core_cm4.h(87): note: expanded from macro '__STATIC_INLINE'
  #define __STATIC_INLINE  static inline
                                  ^
./Stm32F303_FW/CMSIS/Include\core_cm4.h(1482): error: expected ';' after top level declarator
__STATIC_INLINE uint32_t NVIC_GetPriorityGrouping(void)
                        ^
                        ;
./Stm32F303_FW/CMSIS/Include\core_cm4.h(1744): error: unknown type name 'inline'
__STATIC_INLINE uint32_t ITM_SendChar (uint32_t ch)
^
./Stm32F303_FW/CMSIS/Include\core_cm4.h(87): note: expanded from macro '__STATIC_INLINE'
  #define __STATIC_INLINE  static inline
                                  ^
./Stm32F303_FW/CMSIS/Include\core_cm4.h(1744): error: expected ';' after top level declarator
__STATIC_INLINE uint32_t ITM_SendChar (uint32_t ch)
                        ^
                        ;
1 warning and 14 errors generated.
compiling stm32f30x_dbgmcu.c...
Stm32F303_FW/STM32F30x_StdPeriph_Driver/src/stm32f30x_dac.c(113): warning: In file included from...
./Stm32F303_FW/STM32F30x_StdPeriph_Driver/inc\stm32f30x_dac.h(31): warning: In file included from...
./Stm32F303_FW/CMSIS/Device/ST/STM32F30x/Include\stm32f30x.h(440): warning: In file included from...
./Stm32F303_FW/CMSIS/Include\core_cm4.h(188): warning: In file included from...
./Stm32F303_FW/CMSIS/Include\core_cmInstr.h(388): error: unknown type name 'inline'
__attribute__( ( always_inline ) ) __STATIC_INLINE void __NOP(void)
                                   ^
./Stm32F303_FW/CMSIS/Include\core_cm4.h(87): note: expanded from macro '__STATIC_INLINE'
  #define __STATIC_INLINE  static inline
                                  ^
Stm32F303_FW/STM32F30x_StdPeriph_Driver/src/stm32f30x_dac.c(113): warning: In file included from...
./Stm32F303_FW/STM32F30x_StdPeriph_Driver/inc\stm32f30x_dac.h(31): warning: In file included from...
./Stm32F303_FW/CMSIS/Device/ST/STM32F30x/Include\stm32f30x.h(440): warning: In file included from...
./Stm32F303_FW/CMSIS/Include\core_cm4.h(188): warning: In file included from...
./Stm32F303_FW/CMSIS/Include\core_cmInstr.h(399): error: unknown type name 'inline'
__attribute__( ( always_inline ) ) __STATIC_INLINE void __WFI(void)
                                   ^
./Stm32F303_FW/CMSIS/Include\core_cm4.h(87): note: expanded from macro '__STATIC_INLINE'
  #define __STATIC_INLINE  static inline
                                  ^
Stm32F303_FW/STM32F30x_StdPeriph_Driver/src/stm32f30x_dac.c(113): warning: In file included from...
./Stm32F303_FW/STM32F30x_StdPeriph_Driver/inc\stm32f30x_dac.h(31): warning: In file included from...
./Stm32F303_FW/CMSIS/Device/ST/STM32F30x/Include\stm32f30x.h(440): warning: In file included from...
./Stm32F303_FW/CMSIS/Include\core_cm4.h(188): warning: In file included from...
./Stm32F303_FW/CMSIS/Include\core_cmInstr.h(410): error: unknown type name 'inline'
__attribute__( ( always_inline ) ) __STATIC_INLINE void __WFE(void)
                                   ^
./Stm32F303_FW/CMSIS/Include\core_cm4.h(87): note: expanded from macro '__STATIC_INLINE'
  #define __STATIC_INLINE  static inline
                                  ^
Stm32F303_FW/STM32F30x_StdPeriph_Driver/src/stm32f30x_dac.c(113): warning: In file included from...
./Stm32F303_FW/STM32F30x_StdPeriph_Driver/inc\stm32f30x_dac.h(31): warning: In file included from...
./Stm32F303_FW/CMSIS/Device/ST/STM32F30x/Include\stm32f30x.h(440): warning: In file included from...
./Stm32F303_FW/CMSIS/Include\core_cm4.h(188): warning: In file included from...
./Stm32F303_FW/CMSIS/Include\core_cmInstr.h(420): error: unknown type name 'inline'
__attribute__( ( always_inline ) ) __STATIC_INLINE void __SEV(void)
                                   ^
./Stm32F303_FW/CMSIS/Include\core_cm4.h(87): note: expanded from macro '__STATIC_INLINE'
  #define __STATIC_INLINE  static inline
                                  ^
Stm32F303_FW/STM32F30x_StdPeriph_Driver/src/stm32f30x_dac.c(113): warning: In file included from...
./Stm32F303_FW/STM32F30x_StdPeriph_Driver/inc\stm32f30x_dac.h(31): warning: In file included from...
./Stm32F303_FW/CMSIS/Device/ST/STM32F30x/Include\stm32f30x.h(440): warning: In file included from...
./Stm32F303_FW/CMSIS/Include\core_cm4.h(188): warning: In file included from...
./Stm32F303_FW/CMSIS/Include\core_cmInstr.h(432): error: unknown type name 'inline'
__attribute__( ( always_inline ) ) __STATIC_INLINE void __ISB(void)
                                   ^
./Stm32F303_FW/CMSIS/Include\core_cm4.h(87): note: expanded from macro '__STATIC_INLINE'
  #define __STATIC_INLINE  static inline
                                  ^
Stm32F303_FW/STM32F30x_StdPeriph_Driver/src/stm32f30x_dac.c(113): warning: In file included from...
./Stm32F303_FW/STM32F30x_StdPeriph_Driver/inc\stm32f30x_dac.h(31): warning: In file included from...
./Stm32F303_FW/CMSIS/Device/ST/STM32F30x/Include\stm32f30x.h(440): warning: In file included from...
./Stm32F303_FW/CMSIS/Include\core_cm4.h(188): warning: In file included from...
./Stm32F303_FW/CMSIS/Include\core_cmInstr.h(443): error: unknown type name 'inline'
__attribute__( ( always_inline ) ) __STATIC_INLINE void __DSB(void)
                                   ^
./Stm32F303_FW/CMSIS/Include\core_cm4.h(87): note: expanded from macro '__STATIC_INLINE'
  #define __STATIC_INLINE  static inline
                                  ^
Stm32F303_FW/STM32F30x_StdPeriph_Driver/src/stm32f30x_dac.c(113): warning: In file included from...
./Stm32F303_FW/STM32F30x_StdPeriph_Driver/inc\stm32f30x_dac.h(31): warning: In file included from...
./Stm32F303_FW/CMSIS/Device/ST/STM32F30x/Include\stm32f30x.h(440): warning: In file included from...
./Stm32F303_FW/CMSIS/Include\core_cm4.h(188): warning: In file included from...
./Stm32F303_FW/CMSIS/Include\core_cmInstr.h(454): error: unknown type name 'inline'
__attribute__( ( always_inline ) ) __STATIC_INLINE void __DMB(void)
                                   ^
./Stm32F303_FW/CMSIS/Include\core_cm4.h(87): note: expanded from macro '__STATIC_INLINE'
  #define __STATIC_INLINE  static inline
                                  ^
Stm32F303_FW/STM32F30x_StdPeriph_Driver/src/stm32f30x_dac.c(113): warning: In file included from...
./Stm32F303_FW/STM32F30x_StdPeriph_Driver/inc\stm32f30x_dac.h(31): warning: In file included from...
./Stm32F303_FW/CMSIS/Device/ST/STM32F30x/Include\stm32f30x.h(440): warning: In file included from...
./Stm32F303_FW/CMSIS/Include\core_cm4.h(188): warning: In file included from...
./Stm32F303_FW/CMSIS/Include\core_cmInstr.h(467): error: unknown type name 'inline'
__attribute__( ( always_inline ) ) __STATIC_INLINE uint32_t __REV(uint32_t value)
                                   ^
./Stm32F303_FW/CMSIS/Include\core_cm4.h(87): note: expanded from macro '__STATIC_INLINE'
  #define __STATIC_INLINE  static inline
                                  ^
Stm32F303_FW/STM32F30x_StdPeriph_Driver/src/stm32f30x_dac.c(113): warning: In file included from...
./Stm32F303_FW/STM32F30x_StdPeriph_Driver/inc\stm32f30x_dac.h(31): warning: In file included from...
./Stm32F303_FW/CMSIS/Device/ST/STM32F30x/Include\stm32f30x.h(440): warning: In file included from...
./Stm32F303_FW/CMSIS/Include\core_cm4.h(188): warning: In file included from...
./Stm32F303_FW/CMSIS/Include\core_cmInstr.h(467): warning: 'always_inline' attribute only applies to functions [-Wignored-attributes]
__attribute__( ( always_inline ) ) __STATIC_INLINE uint32_t __REV(uint32_t value)
                 ^
./Stm32F303_FW/CMSIS/Include\core_cmInstr.h(467): error: expected ';' after top level declarator
__attribute__( ( always_inline ) ) __STATIC_INLINE uint32_t __REV(uint32_t value)
                                                           ^
                                                           ;
Stm32F303_FW/STM32F30x_StdPeriph_Driver/src/stm32f30x_dac.c(113): warning: In file included from...
./Stm32F303_FW/STM32F30x_StdPeriph_Driver/inc\stm32f30x_dac.h(31): warning: In file included from...
./Stm32F303_FW/CMSIS/Device/ST/STM32F30x/Include\stm32f30x.h(440): warning: In file included from...
./Stm32F303_FW/CMSIS/Include\core_cm4.h(1462): error: unknown type name 'inline'
__STATIC_INLINE void NVIC_SetPriorityGrouping(uint32_t PriorityGroup)
^
./Stm32F303_FW/CMSIS/Include\core_cm4.h(87): note: expanded from macro '__STATIC_INLINE'
  #define __STATIC_INLINE  static inline
                                  ^
./Stm32F303_FW/CMSIS/Include\core_cm4.h(1482): error: unknown type name 'inline'
__STATIC_INLINE uint32_t NVIC_GetPriorityGrouping(void)
^
./Stm32F303_FW/CMSIS/Include\core_cm4.h(87): note: expanded from macro '__STATIC_INLINE'
  #define __STATIC_INLINE  static inline
                                  ^
./Stm32F303_FW/CMSIS/Include\core_cm4.h(1482): error: expected ';' after top level declarator
__STATIC_INLINE uint32_t NVIC_GetPriorityGrouping(void)
                        ^
                        ;
./Stm32F303_FW/CMSIS/Include\core_cm4.h(1744): error: unknown type name 'inline'
__STATIC_INLINE uint32_t ITM_SendChar (uint32_t ch)
^
./Stm32F303_FW/CMSIS/Include\core_cm4.h(87): note: expanded from macro '__STATIC_INLINE'
  #define __STATIC_INLINE  static inline
                                  ^
./Stm32F303_FW/CMSIS/Include\core_cm4.h(1744): error: expected ';' after top level declarator
__STATIC_INLINE uint32_t ITM_SendChar (uint32_t ch)
                        ^
                        ;
1 warning and 14 errors generated.
compiling stm32f30x_dac.c...
Stm32F303_FW/STM32F30x_StdPeriph_Driver/src/stm32f30x_can.c(64): warning: In file included from...
./Stm32F303_FW/STM32F30x_StdPeriph_Driver/inc\stm32f30x_can.h(31): warning: In file included from...
./Stm32F303_FW/CMSIS/Device/ST/STM32F30x/Include\stm32f30x.h(440): warning: In file included from...
./Stm32F303_FW/CMSIS/Include\core_cm4.h(188): warning: In file included from...
./Stm32F303_FW/CMSIS/Include\core_cmInstr.h(388): error: unknown type name 'inline'
__attribute__( ( always_inline ) ) __STATIC_INLINE void __NOP(void)
                                   ^
./Stm32F303_FW/CMSIS/Include\core_cm4.h(87): note: expanded from macro '__STATIC_INLINE'
  #define __STATIC_INLINE  static inline
                                  ^
Stm32F303_FW/STM32F30x_StdPeriph_Driver/src/stm32f30x_can.c(64): warning: In file included from...
./Stm32F303_FW/STM32F30x_StdPeriph_Driver/inc\stm32f30x_can.h(31): warning: In file included from...
./Stm32F303_FW/CMSIS/Device/ST/STM32F30x/Include\stm32f30x.h(440): warning: In file included from...
./Stm32F303_FW/CMSIS/Include\core_cm4.h(188): warning: In file included from...
./Stm32F303_FW/CMSIS/Include\core_cmInstr.h(399): error: unknown type name 'inline'
__attribute__( ( always_inline ) ) __STATIC_INLINE void __WFI(void)
                                   ^
./Stm32F303_FW/CMSIS/Include\core_cm4.h(87): note: expanded from macro '__STATIC_INLINE'
  #define __STATIC_INLINE  static inline
                                  ^
Stm32F303_FW/STM32F30x_StdPeriph_Driver/src/stm32f30x_can.c(64): warning: In file included from...
./Stm32F303_FW/STM32F30x_StdPeriph_Driver/inc\stm32f30x_can.h(31): warning: In file included from...
./Stm32F303_FW/CMSIS/Device/ST/STM32F30x/Include\stm32f30x.h(440): warning: In file included from...
./Stm32F303_FW/CMSIS/Include\core_cm4.h(188): warning: In file included from...
./Stm32F303_FW/CMSIS/Include\core_cmInstr.h(410): error: unknown type name 'inline'
__attribute__( ( always_inline ) ) __STATIC_INLINE void __WFE(void)
                                   ^
./Stm32F303_FW/CMSIS/Include\core_cm4.h(87): note: expanded from macro '__STATIC_INLINE'
  #define __STATIC_INLINE  static inline
                                  ^
Stm32F303_FW/STM32F30x_StdPeriph_Driver/src/stm32f30x_can.c(64): warning: In file included from...
./Stm32F303_FW/STM32F30x_StdPeriph_Driver/inc\stm32f30x_can.h(31): warning: In file included from...
./Stm32F303_FW/CMSIS/Device/ST/STM32F30x/Include\stm32f30x.h(440): warning: In file included from...
./Stm32F303_FW/CMSIS/Include\core_cm4.h(188): warning: In file included from...
./Stm32F303_FW/CMSIS/Include\core_cmInstr.h(420): error: unknown type name 'inline'
__attribute__( ( always_inline ) ) __STATIC_INLINE void __SEV(void)
                                   ^
./Stm32F303_FW/CMSIS/Include\core_cm4.h(87): note: expanded from macro '__STATIC_INLINE'
  #define __STATIC_INLINE  static inline
                                  ^
Stm32F303_FW/STM32F30x_StdPeriph_Driver/src/stm32f30x_can.c(64): warning: In file included from...
./Stm32F303_FW/STM32F30x_StdPeriph_Driver/inc\stm32f30x_can.h(31): warning: In file included from...
./Stm32F303_FW/CMSIS/Device/ST/STM32F30x/Include\stm32f30x.h(440): warning: In file included from...
./Stm32F303_FW/CMSIS/Include\core_cm4.h(188): warning: In file included from...
./Stm32F303_FW/CMSIS/Include\core_cmInstr.h(432): error: unknown type name 'inline'
__attribute__( ( always_inline ) ) __STATIC_INLINE void __ISB(void)
                                   ^
./Stm32F303_FW/CMSIS/Include\core_cm4.h(87): note: expanded from macro '__STATIC_INLINE'
  #define __STATIC_INLINE  static inline
                                  ^
Stm32F303_FW/STM32F30x_StdPeriph_Driver/src/stm32f30x_can.c(64): warning: In file included from...
./Stm32F303_FW/STM32F30x_StdPeriph_Driver/inc\stm32f30x_can.h(31): warning: In file included from...
./Stm32F303_FW/CMSIS/Device/ST/STM32F30x/Include\stm32f30x.h(440): warning: In file included from...
./Stm32F303_FW/CMSIS/Include\core_cm4.h(188): warning: In file included from...
./Stm32F303_FW/CMSIS/Include\core_cmInstr.h(443): error: unknown type name 'inline'
__attribute__( ( always_inline ) ) __STATIC_INLINE void __DSB(void)
                                   ^
./Stm32F303_FW/CMSIS/Include\core_cm4.h(87): note: expanded from macro '__STATIC_INLINE'
  #define __STATIC_INLINE  static inline
                                  ^
Stm32F303_FW/STM32F30x_StdPeriph_Driver/src/stm32f30x_can.c(64): warning: In file included from...
./Stm32F303_FW/STM32F30x_StdPeriph_Driver/inc\stm32f30x_can.h(31): warning: In file included from...
./Stm32F303_FW/CMSIS/Device/ST/STM32F30x/Include\stm32f30x.h(440): warning: In file included from...
./Stm32F303_FW/CMSIS/Include\core_cm4.h(188): warning: In file included from...
./Stm32F303_FW/CMSIS/Include\core_cmInstr.h(454): error: unknown type name 'inline'
__attribute__( ( always_inline ) ) __STATIC_INLINE void __DMB(void)
                                   ^
./Stm32F303_FW/CMSIS/Include\core_cm4.h(87): note: expanded from macro '__STATIC_INLINE'
  #define __STATIC_INLINE  static inline
                                  ^
Stm32F303_FW/STM32F30x_StdPeriph_Driver/src/stm32f30x_can.c(64): warning: In file included from...
./Stm32F303_FW/STM32F30x_StdPeriph_Driver/inc\stm32f30x_can.h(31): warning: In file included from...
./Stm32F303_FW/CMSIS/Device/ST/STM32F30x/Include\stm32f30x.h(440): warning: In file included from...
./Stm32F303_FW/CMSIS/Include\core_cm4.h(188): warning: In file included from...
./Stm32F303_FW/CMSIS/Include\core_cmInstr.h(467): error: unknown type name 'inline'
__attribute__( ( always_inline ) ) __STATIC_INLINE uint32_t __REV(uint32_t value)
                                   ^
./Stm32F303_FW/CMSIS/Include\core_cm4.h(87): note: expanded from macro '__STATIC_INLINE'
  #define __STATIC_INLINE  static inline
                                  ^
Stm32F303_FW/STM32F30x_StdPeriph_Driver/src/stm32f30x_can.c(64): warning: In file included from...
./Stm32F303_FW/STM32F30x_StdPeriph_Driver/inc\stm32f30x_can.h(31): warning: In file included from...
./Stm32F303_FW/CMSIS/Device/ST/STM32F30x/Include\stm32f30x.h(440): warning: In file included from...
./Stm32F303_FW/CMSIS/Include\core_cm4.h(188): warning: In file included from...
./Stm32F303_FW/CMSIS/Include\core_cmInstr.h(467): warning: 'always_inline' attribute only applies to functions [-Wignored-attributes]
__attribute__( ( always_inline ) ) __STATIC_INLINE uint32_t __REV(uint32_t value)
                 ^
./Stm32F303_FW/CMSIS/Include\core_cmInstr.h(467): error: expected ';' after top level declarator
__attribute__( ( always_inline ) ) __STATIC_INLINE uint32_t __REV(uint32_t value)
                                                           ^
                                                           ;
Stm32F303_FW/STM32F30x_StdPeriph_Driver/src/stm32f30x_can.c(64): warning: In file included from...
./Stm32F303_FW/STM32F30x_StdPeriph_Driver/inc\stm32f30x_can.h(31): warning: In file included from...
./Stm32F303_FW/CMSIS/Device/ST/STM32F30x/Include\stm32f30x.h(440): warning: In file included from...
./Stm32F303_FW/CMSIS/Include\core_cm4.h(1462): error: unknown type name 'inline'
__STATIC_INLINE void NVIC_SetPriorityGrouping(uint32_t PriorityGroup)
^
./Stm32F303_FW/CMSIS/Include\core_cm4.h(87): note: expanded from macro '__STATIC_INLINE'
  #define __STATIC_INLINE  static inline
                                  ^
./Stm32F303_FW/CMSIS/Include\core_cm4.h(1482): error: unknown type name 'inline'
__STATIC_INLINE uint32_t NVIC_GetPriorityGrouping(void)
^
./Stm32F303_FW/CMSIS/Include\core_cm4.h(87): note: expanded from macro '__STATIC_INLINE'
  #define __STATIC_INLINE  static inline
                                  ^
./Stm32F303_FW/CMSIS/Include\core_cm4.h(1482): error: expected ';' after top level declarator
__STATIC_INLINE uint32_t NVIC_GetPriorityGrouping(void)
                        ^
                        ;
./Stm32F303_FW/CMSIS/Include\core_cm4.h(1744): error: unknown type name 'inline'
__STATIC_INLINE uint32_t ITM_SendChar (uint32_t ch)
^
./Stm32F303_FW/CMSIS/Include\core_cm4.h(87): note: expanded from macro '__STATIC_INLINE'
  #define __STATIC_INLINE  static inline
                                  ^
./Stm32F303_FW/CMSIS/Include\core_cm4.h(1744): error: expected ';' after top level declarator
__STATIC_INLINE uint32_t ITM_SendChar (uint32_t ch)
                        ^
                        ;
1 warning and 14 errors generated.
compiling stm32f30x_can.c...
Stm32F303_FW/STM32F30x_StdPeriph_Driver/src/stm32f30x_adc.c(69): warning: In file included from...
./Stm32F303_FW/STM32F30x_StdPeriph_Driver/inc\stm32f30x_adc.h(31): warning: In file included from...
./Stm32F303_FW/CMSIS/Device/ST/STM32F30x/Include\stm32f30x.h(440): warning: In file included from...
./Stm32F303_FW/CMSIS/Include\core_cm4.h(188): warning: In file included from...
./Stm32F303_FW/CMSIS/Include\core_cmInstr.h(388): error: unknown type name 'inline'
__attribute__( ( always_inline ) ) __STATIC_INLINE void __NOP(void)
                                   ^
./Stm32F303_FW/CMSIS/Include\core_cm4.h(87): note: expanded from macro '__STATIC_INLINE'
  #define __STATIC_INLINE  static inline
                                  ^
Stm32F303_FW/STM32F30x_StdPeriph_Driver/src/stm32f30x_adc.c(69): warning: In file included from...
./Stm32F303_FW/STM32F30x_StdPeriph_Driver/inc\stm32f30x_adc.h(31): warning: In file included from...
./Stm32F303_FW/CMSIS/Device/ST/STM32F30x/Include\stm32f30x.h(440): warning: In file included from...
./Stm32F303_FW/CMSIS/Include\core_cm4.h(188): warning: In file included from...
./Stm32F303_FW/CMSIS/Include\core_cmInstr.h(399): error: unknown type name 'inline'
__attribute__( ( always_inline ) ) __STATIC_INLINE void __WFI(void)
                                   ^
./Stm32F303_FW/CMSIS/Include\core_cm4.h(87): note: expanded from macro '__STATIC_INLINE'
  #define __STATIC_INLINE  static inline
                                  ^
Stm32F303_FW/STM32F30x_StdPeriph_Driver/src/stm32f30x_adc.c(69): warning: In file included from...
./Stm32F303_FW/STM32F30x_StdPeriph_Driver/inc\stm32f30x_adc.h(31): warning: In file included from...
./Stm32F303_FW/CMSIS/Device/ST/STM32F30x/Include\stm32f30x.h(440): warning: In file included from...
./Stm32F303_FW/CMSIS/Include\core_cm4.h(188): warning: In file included from...
./Stm32F303_FW/CMSIS/Include\core_cmInstr.h(410): error: unknown type name 'inline'
__attribute__( ( always_inline ) ) __STATIC_INLINE void __WFE(void)
                                   ^
./Stm32F303_FW/CMSIS/Include\core_cm4.h(87): note: expanded from macro '__STATIC_INLINE'
  #define __STATIC_INLINE  static inline
                                  ^
Stm32F303_FW/STM32F30x_StdPeriph_Driver/src/stm32f30x_adc.c(69): warning: In file included from...
./Stm32F303_FW/STM32F30x_StdPeriph_Driver/inc\stm32f30x_adc.h(31): warning: In file included from...
./Stm32F303_FW/CMSIS/Device/ST/STM32F30x/Include\stm32f30x.h(440): warning: In file included from...
compiling stm32f30x_adc.c...
compiling stm32f30x_exti.c...
compiling stm32f30x_fmc.c...
compiling stm32f30x_crc.c...
compiling stm32f30x_i2c.c...
compiling stm32f30x_dma.c...
compiling stm32f30x_gpio.c...
compiling stm32f30x_hrtim.c...
compiling stm32f30x_flash.c...
compiling stm32f30x_comp.c...
compiling stm32f30x_iwdg.c...
compiling stm32f30x_misc.c...
compiling stm32f30x_opamp.c...
compiling stm32f30x_pwr.c...

<h2>Software Packages used:</h2>

Package Vendor: Keil
                http://www.keil.com/pack/Keil.STM32F3xx_DFP.2.2.2.pack
                Keil.STM32F3xx_DFP.2.2.2
                STMicroelectronics STM32F3 Series Device Support and Examples

<h2>Collection of Component include folders:</h2>
  C:/Users/11106400/AppData/Local/Arm/Packs/Keil/STM32F3xx_DFP/2.2.2/Drivers/CMSIS/Device/ST/STM32F3xx/Include

<h2>Collection of Component Files used:</h2>
Project build/rebuild aborted.
Build Time Elapsed:  00:00:02
</pre>
</body>
</html>
